2025-05-14 08:44:48,082 - INFO - Model path: /home/cseroot/shared_tools/AMAISE_PRO_2.0/model_training/model/human_kraken_250k/human_model_binary_ffnn_2mer_3mer.pth
2025-05-14 08:44:48,082 - INFO - Training data path: /home/cseroot/tishani.20/kraken_split_dataset/train_kraken_2mer_3mer.csv
2025-05-14 08:44:48,082 - INFO - Training labels path: /home/cseroot/tishani.20/kraken_split_dataset/train_labels_binary.csv
2025-05-14 08:44:48,082 - INFO - Validation data path: /home/cseroot/tishani.20/kraken_split_dataset/val_kraken_2mer_3mer.csv
2025-05-14 08:44:48,082 - INFO - Validation labels path: /home/cseroot/tishani.20/kraken_split_dataset/val_labels_binary.csv
2025-05-14 08:44:48,082 - INFO - Results path: /home/cseroot/shared_tools/AMAISE_PRO_2.0/model_training/output/human_kraken_250k/human_model_binary_ffnn_2mer_3mer
2025-05-14 08:44:48,083 - INFO - Device: cpu
2025-05-14 08:44:48,083 - INFO - Loading training data...
2025-05-14 08:44:49,461 - INFO - Loading validation data...
2025-05-14 08:44:51,279 - INFO - Initializing the FFNN model...
2025-05-14 08:44:54,852 - INFO - Training the network...
2025-05-14 08:45:03,663 - INFO - Epoch 1/50, Train Loss: 0.2398, Val Loss: 0.0812, Train Acc: 0.9127, Val Acc: 0.9721
2025-05-14 08:45:12,739 - INFO - Epoch 2/50, Train Loss: 0.0451, Val Loss: 0.0429, Train Acc: 0.9873, Val Acc: 0.9895
2025-05-14 08:45:21,221 - INFO - Epoch 3/50, Train Loss: 0.0264, Val Loss: 0.0257, Train Acc: 0.9928, Val Acc: 0.9925
2025-05-14 08:45:30,194 - INFO - Epoch 4/50, Train Loss: 0.0197, Val Loss: 0.0232, Train Acc: 0.9948, Val Acc: 0.9932
2025-05-14 08:45:38,867 - INFO - Epoch 5/50, Train Loss: 0.0182, Val Loss: 0.0224, Train Acc: 0.9950, Val Acc: 0.9934
2025-05-14 08:45:48,724 - INFO - Epoch 6/50, Train Loss: 0.0284, Val Loss: 0.0212, Train Acc: 0.9919, Val Acc: 0.9948
2025-05-14 08:46:09,346 - INFO - Epoch 7/50, Train Loss: 0.0152, Val Loss: 0.0143, Train Acc: 0.9960, Val Acc: 0.9959
2025-05-14 08:46:35,952 - INFO - Epoch 8/50, Train Loss: 0.0140, Val Loss: 0.0139, Train Acc: 0.9962, Val Acc: 0.9962
2025-05-14 08:47:02,499 - INFO - Epoch 9/50, Train Loss: 0.0147, Val Loss: 0.0177, Train Acc: 0.9958, Val Acc: 0.9954
2025-05-14 08:47:32,271 - INFO - Epoch 10/50, Train Loss: 0.0141, Val Loss: 0.0147, Train Acc: 0.9960, Val Acc: 0.9957
2025-05-14 08:48:03,286 - INFO - Epoch 11/50, Train Loss: 0.0126, Val Loss: 0.0128, Train Acc: 0.9965, Val Acc: 0.9964
2025-05-14 08:48:35,417 - INFO - Epoch 12/50, Train Loss: 0.0130, Val Loss: 0.0118, Train Acc: 0.9964, Val Acc: 0.9969
2025-05-14 08:49:08,053 - INFO - Epoch 13/50, Train Loss: 0.0119, Val Loss: 0.0118, Train Acc: 0.9967, Val Acc: 0.9966
2025-05-14 08:49:40,546 - INFO - Epoch 14/50, Train Loss: 0.0151, Val Loss: 0.0123, Train Acc: 0.9954, Val Acc: 0.9969
2025-05-14 08:50:23,627 - INFO - Epoch 15/50, Train Loss: 0.0113, Val Loss: 0.0104, Train Acc: 0.9969, Val Acc: 0.9974
2025-05-14 08:50:58,125 - INFO - Epoch 16/50, Train Loss: 0.0116, Val Loss: 0.0117, Train Acc: 0.9968, Val Acc: 0.9968
2025-05-14 08:51:33,876 - INFO - Epoch 17/50, Train Loss: 0.0112, Val Loss: 0.0109, Train Acc: 0.9969, Val Acc: 0.9971
2025-05-14 08:52:14,595 - INFO - Epoch 18/50, Train Loss: 0.0112, Val Loss: 0.0209, Train Acc: 0.9969, Val Acc: 0.9936
2025-05-14 08:52:49,988 - INFO - Epoch 19/50, Train Loss: 0.0115, Val Loss: 0.0102, Train Acc: 0.9967, Val Acc: 0.9974
2025-05-14 08:53:36,563 - INFO - Epoch 20/50, Train Loss: 0.0098, Val Loss: 0.0098, Train Acc: 0.9972, Val Acc: 0.9976
2025-05-14 08:54:14,892 - INFO - Epoch 21/50, Train Loss: 0.0100, Val Loss: 0.0106, Train Acc: 0.9973, Val Acc: 0.9974
2025-05-14 08:54:52,362 - INFO - Epoch 22/50, Train Loss: 0.0097, Val Loss: 0.0108, Train Acc: 0.9972, Val Acc: 0.9971
2025-05-14 08:55:26,003 - INFO - Epoch 23/50, Train Loss: 0.0095, Val Loss: 0.0102, Train Acc: 0.9973, Val Acc: 0.9973
2025-05-14 08:55:59,072 - INFO - Epoch 24/50, Train Loss: 0.0094, Val Loss: 0.0111, Train Acc: 0.9973, Val Acc: 0.9974
2025-05-14 08:56:34,134 - INFO - Epoch 25/50, Train Loss: 0.0099, Val Loss: 0.0108, Train Acc: 0.9973, Val Acc: 0.9974
2025-05-14 08:57:05,957 - INFO - Epoch 26/50, Train Loss: 0.0088, Val Loss: 0.0141, Train Acc: 0.9976, Val Acc: 0.9960
2025-05-14 08:57:48,558 - INFO - Epoch 27/50, Train Loss: 0.0105, Val Loss: 0.0226, Train Acc: 0.9970, Val Acc: 0.9930
2025-05-14 08:58:24,989 - INFO - Epoch 28/50, Train Loss: 0.0091, Val Loss: 0.0094, Train Acc: 0.9974, Val Acc: 0.9977
2025-05-14 08:58:58,764 - INFO - Epoch 29/50, Train Loss: 0.0089, Val Loss: 0.0141, Train Acc: 0.9975, Val Acc: 0.9965
2025-05-14 08:59:35,180 - INFO - Epoch 30/50, Train Loss: 0.0085, Val Loss: 0.0146, Train Acc: 0.9977, Val Acc: 0.9956
2025-05-14 09:00:06,116 - INFO - Epoch 31/50, Train Loss: 0.0084, Val Loss: 0.0414, Train Acc: 0.9977, Val Acc: 0.9863
2025-05-14 09:00:36,109 - INFO - Epoch 32/50, Train Loss: 0.0100, Val Loss: 0.0092, Train Acc: 0.9971, Val Acc: 0.9976
2025-05-14 09:01:11,072 - INFO - Epoch 33/50, Train Loss: 0.0080, Val Loss: 0.0105, Train Acc: 0.9979, Val Acc: 0.9975
2025-05-14 09:01:41,390 - INFO - Epoch 34/50, Train Loss: 0.0082, Val Loss: 0.0092, Train Acc: 0.9977, Val Acc: 0.9979
2025-05-14 09:02:13,247 - INFO - Epoch 35/50, Train Loss: 0.0084, Val Loss: 0.0094, Train Acc: 0.9977, Val Acc: 0.9976
2025-05-14 09:02:42,386 - INFO - Epoch 36/50, Train Loss: 0.0085, Val Loss: 0.0116, Train Acc: 0.9975, Val Acc: 0.9971
2025-05-14 09:03:14,992 - INFO - Epoch 37/50, Train Loss: 0.0085, Val Loss: 0.0093, Train Acc: 0.9976, Val Acc: 0.9979
2025-05-14 09:03:42,642 - INFO - Epoch 38/50, Train Loss: 0.0085, Val Loss: 0.0088, Train Acc: 0.9975, Val Acc: 0.9979
2025-05-14 09:04:15,912 - INFO - Epoch 39/50, Train Loss: 0.0077, Val Loss: 0.0091, Train Acc: 0.9978, Val Acc: 0.9980
2025-05-14 09:04:48,282 - INFO - Epoch 40/50, Train Loss: 0.0074, Val Loss: 0.0103, Train Acc: 0.9980, Val Acc: 0.9972
2025-05-14 09:05:16,431 - INFO - Epoch 41/50, Train Loss: 0.0075, Val Loss: 0.0112, Train Acc: 0.9978, Val Acc: 0.9970
2025-05-14 09:05:42,718 - INFO - Epoch 42/50, Train Loss: 0.0079, Val Loss: 0.0105, Train Acc: 0.9978, Val Acc: 0.9976
2025-05-14 09:06:16,630 - INFO - Epoch 43/50, Train Loss: 0.0078, Val Loss: 0.0091, Train Acc: 0.9978, Val Acc: 0.9979
2025-05-14 09:06:45,406 - INFO - Epoch 44/50, Train Loss: 0.0077, Val Loss: 0.0182, Train Acc: 0.9979, Val Acc: 0.9945
2025-05-14 09:07:19,379 - INFO - Epoch 45/50, Train Loss: 0.0088, Val Loss: 0.0111, Train Acc: 0.9975, Val Acc: 0.9974
2025-05-14 09:07:45,546 - INFO - Epoch 46/50, Train Loss: 0.0073, Val Loss: 0.0137, Train Acc: 0.9979, Val Acc: 0.9969
2025-05-14 09:08:12,383 - INFO - Epoch 47/50, Train Loss: 0.0071, Val Loss: 0.0092, Train Acc: 0.9980, Val Acc: 0.9977
2025-05-14 09:08:37,788 - INFO - Epoch 48/50, Train Loss: 0.0075, Val Loss: 0.0271, Train Acc: 0.9979, Val Acc: 0.9898
2025-05-14 09:09:02,002 - INFO - Epoch 49/50, Train Loss: 0.0071, Val Loss: 0.0083, Train Acc: 0.9979, Val Acc: 0.9979
2025-05-14 09:09:28,061 - INFO - Epoch 50/50, Train Loss: 0.0070, Val Loss: 0.0367, Train Acc: 0.9980, Val Acc: 0.9882
2025-05-14 09:09:28,061 - INFO - Best validation accuracy: 0.99796
2025-05-14 09:09:28,061 - INFO - epoch: 38
2025-05-14 09:09:28,062 - INFO - total time taken to train the model: 24.67 min
2025-05-14 09:09:28,062 - INFO - Memory usage: rss=0.93 GB, vms=8.13 GB, shared=0.21 GB, text=0.00 GB, data=3.49 GB
2025-05-14 09:09:28,062 - INFO - Maximum training accuracy = 0.9978280
2025-05-14 09:09:28,062 - INFO - Maximum validation accuracy = 0.9979600
2025-05-14 09:09:28,062 - INFO - Epoch of maximum validation accuracy = 38
